
> autobyteus@1.2.95 build:electron:mac /Users/normy/autobyteus_org/autobyteus-worktrees/remove-media-output-path-restriction/autobyteus-web
> cross-env NODE_ENV=production pnpm guard:web-boundary && pnpm guard:localization-boundary && pnpm audit:localization-literals && pnpm prepare-server && pnpm generate:electron && pnpm transpile-electron && tsc -p build/tsconfig.json && node build/dist/build.js --mac


> autobyteus@1.2.95 guard:web-boundary /Users/normy/autobyteus_org/autobyteus-worktrees/remove-media-output-path-restriction/autobyteus-web
> node ./scripts/guard-web-boundary.mjs

[guard:web-boundary] Passed.

> autobyteus@1.2.95 guard:localization-boundary /Users/normy/autobyteus_org/autobyteus-worktrees/remove-media-output-path-restriction/autobyteus-web
> node ./scripts/guard-localization-boundary.mjs

[guard:localization-boundary] Passed.

> autobyteus@1.2.95 audit:localization-literals /Users/normy/autobyteus_org/autobyteus-worktrees/remove-media-output-path-restriction/autobyteus-web
> node ./scripts/audit-localization-literals.mjs

[audit:localization-literals] Passed with zero unresolved findings.
(node:20807) [MODULE_TYPELESS_PACKAGE_JSON] Warning: Module type of file:///Users/normy/autobyteus_org/autobyteus-worktrees/remove-media-output-path-restriction/autobyteus-web/localization/audit/migrationScopes.ts is not specified and it doesn't parse as CommonJS.
Reparsing as ES module because module syntax was detected. This incurs a performance overhead.
To eliminate this warning, add "type": "module" to /Users/normy/autobyteus_org/autobyteus-worktrees/remove-media-output-path-restriction/autobyteus-web/package.json.
(Use `node --trace-warnings ...` to show where the warning was created)

> autobyteus@1.2.95 prepare-server /Users/normy/autobyteus_org/autobyteus-worktrees/remove-media-output-path-restriction/autobyteus-web
> node ./scripts/prepare-server-dispatch.mjs

[0;32m=======================================[0m
[0;32m   Preparing AutoByteus Server Files   [0m
[0;32m=======================================[0m
[0;32m✓[0m Created target directory: /Users/normy/autobyteus_org/autobyteus-worktrees/remove-media-output-path-restriction/autobyteus-web/resources/server

[0;33mBuilding server and dependencies...[0m
Scope: all 11 workspace projects

../autobyteus-ts postinstall$ node ./scripts/fix-node-pty-permissions.mjs
../autobyteus-ts postinstall: [node-pty-fix] ok: /Users/normy/autobyteus_org/autobyteus-worktrees/remove-media-output-path-restriction/node_modules/.pnpm/node-pty@1.1.0/node_modules/node-pty/prebuilds/darwin-arm64/spawn-helper
../autobyteus-ts postinstall: Done
╭ Warning ─────────────────────────────────────────────────────────────────────╮
│                                                                              │
│   Ignored build scripts: lzma-native@8.0.6.                                  │
│   Run "pnpm approve-builds" to pick which dependencies should be allowed     │
│   to run scripts.                                                            │
│                                                                              │
╰──────────────────────────────────────────────────────────────────────────────╯
Done in 1.1s using pnpm v10.28.1
Prisma schema loaded from prisma/schema.prisma

✔ Generated Prisma Client (v5.22.0) to ./../node_modules/.pnpm/@prisma+client@5.22.0_prisma@5.22.0/node_modules/@prisma/client in 55ms

Start by importing your Prisma Client (See: https://pris.ly/d/importing-client)

Tip: Want real-time updates to your database without manual polling? Discover how with Pulse: https://pris.ly/tip-0-pulse


> autobyteus-server-ts@0.1.1 prebuild /Users/normy/autobyteus_org/autobyteus-worktrees/remove-media-output-path-restriction/autobyteus-server-ts
> pnpm prepare:shared && pnpm exec prisma generate --schema ./prisma/schema.prisma


> autobyteus-server-ts@0.1.1 prepare:shared /Users/normy/autobyteus_org/autobyteus-worktrees/remove-media-output-path-restriction/autobyteus-server-ts
> pnpm -C .. --filter autobyteus-ts --filter @autobyteus/application-sdk-contracts --filter @autobyteus/application-backend-sdk build

Scope: 3 of 11 workspace projects
autobyteus-ts build$ tsc -p tsconfig.build.json && node ./scripts/verify-runtime-dependencies.mjs
autobyteus-application-sdk-contracts build$ tsc -p tsconfig.build.json
autobyteus-application-sdk-contracts build: Done
autobyteus-ts build: [verify:runtime-deps] OK
autobyteus-ts build: Done
autobyteus-application-backend-sdk build$ tsc -p tsconfig.build.json
autobyteus-application-backend-sdk build: Done
Prisma schema loaded from prisma/schema.prisma

✔ Generated Prisma Client (v5.22.0) to ./../node_modules/.pnpm/@prisma+client@5.22.0_prisma@5.22.0/node_modules/@prisma/client in 57ms

Start by importing your Prisma Client (See: https://pris.ly/d/importing-client)

Tip: Need your database queries to be 1000x faster? Accelerate offers you that and more: https://pris.ly/tip-2-accelerate


> autobyteus-server-ts@0.1.1 build /Users/normy/autobyteus_org/autobyteus-worktrees/remove-media-output-path-restriction/autobyteus-server-ts
> pnpm run build:full


> autobyteus-server-ts@0.1.1 build:full /Users/normy/autobyteus_org/autobyteus-worktrees/remove-media-output-path-restriction/autobyteus-server-ts
> tsc -p tsconfig.build.json && node ./scripts/copy-managed-messaging-assets.mjs


[0;33mDeploying server package into Electron resources...[0m
 WARN  Shared workspace lockfile detected but configuration forces legacy deploy implementation.
Packages are cloned from the content-addressable store to the virtual store.
  Content-addressable store is at: /Users/normy/Library/pnpm/store/v10
  Virtual store is at:             autobyteus-web/resources/server/node_modules/.pnpm
Progress: resolved 1, reused 0, downloaded 0, added 0
autobyteus-web                           |  WARN  deprecated electron-rebuild@3.2.9
Progress: resolved 1589, reused 0, downloaded 0, added 0
Progress: resolved 1908, reused 1, downloaded 0, added 0
 WARN  23 deprecated subdependencies found: @babel/plugin-proposal-class-properties@7.18.6, @babel/plugin-proposal-object-rest-spread@7.20.7, @graphql-tools/prisma-loader@8.0.17, @npmcli/move-file@2.0.1, are-we-there-yet@3.0.1, boolean@3.2.0, gauge@4.0.4, glob@10.5.0, glob@7.2.3, glob@8.1.0, har-validator@5.1.5, inflight@1.0.6, lodash.get@4.4.2, lodash.isequal@4.5.0, mkdirp@0.5.1, node-domexception@1.0.0, npmlog@6.0.2, phin@3.7.1, request@2.88.2, rimraf@3.0.2, tar@6.2.1, uuid@3.4.0, whatwg-encoding@3.1.1
Progress: resolved 1922, reused 1, downloaded 0, added 0, done
 WARN  Issues with peer dependencies found
autobyteus-web
└─┬ nuxt 3.21.1
  └─┬ @nuxt/cli 3.33.1
    ├── ✕ unmet peer @nuxt/schema@^4.3.0: found 3.21.1
    └─┬ @bomb.sh/tab 0.0.12
      └── ✕ unmet peer citty@^0.1.6: found 0.2.1
.                                        | +454 ++++++++++++++++++++++++++++++++
╭ Warning ─────────────────────────────────────────────────────────────────────╮
│                                                                              │
│   Ignored build scripts: autobyteus-ts@file:autobyteus-ts.                   │
│   Run "pnpm approve-builds" to pick which dependencies should be allowed     │
│   to run scripts.                                                            │
│                                                                              │
╰──────────────────────────────────────────────────────────────────────────────╯

[0;33mCleaning workspace symlinks in deployment...[0m
Removed 1 external symlinks from /Users/normy/autobyteus_org/autobyteus-worktrees/remove-media-output-path-restriction/autobyteus-web/resources/server/node_modules/.pnpm/node_modules

[0;33mRemoving non-runtime test fixtures from deployed dependencies...[0m

[0;33mGenerating Prisma client (ensures engines are bundled)...[0m
Environment variables loaded from .env
Prisma schema loaded from resources/server/prisma/schema.prisma

✔ Generated Prisma Client (v5.22.0) to ./resources/server/node_modules/.pnpm/@prisma+client@5.22.0_prisma@5.22.0/node_modules/@prisma/client in 76ms

Start by importing your Prisma Client (See: https://pris.ly/d/importing-client)

Tip: Want to react to database changes in your app as they happen? Discover how with Pulse: https://pris.ly/tip-1-pulse


[0;33mPruning native prebuilds for host platform...[0m

[0;33mRebuilding native modules for Electron...[0m
- Searching dependency tree
(node:21188) [DEP0060] DeprecationWarning: The `util._extend` API is deprecated. Please use Object.assign() instead.
(Use `node --trace-deprecation ...` to show where the warning was created)
  TOUCH Release/obj.target/../../../node-addon-api@7.1.1/node_modules/node-addon-api/node_addon_api_except.stamp
  CXX(target) Release/obj.target/pty/src/unix/pty.o
../src/unix/pty.cc:139:30: warning: missing field 'filter' initializer [-Wmissing-field-initializers]
  139 |     struct kevent change = {0};
      |                              ^
../src/unix/pty.cc:159:31: warning: missing field 'filter' initializer [-Wmissing-field-initializers]
  159 |       struct kevent event = {0};
      |                               ^
2 warnings generated.
  SOLINK_MODULE(target) Release/pty.node
  CXX(target) Release/obj.target/spawn-helper/src/unix/spawn-helper.o
  LINK(target) Release/spawn-helper
✔ Rebuild Complete

[0;33mRemoving symlinks that point outside the bundle...[0m
Removed 1 external symlinks from /Users/normy/autobyteus_org/autobyteus-worktrees/remove-media-output-path-restriction/autobyteus-web/resources/server

[0;32m=======================================[0m
[0;32m   Server files prepared successfully!   [0m
[0;32m=======================================[0m
Target directory: [0;33m/Users/normy/autobyteus_org/autobyteus-worktrees/remove-media-output-path-restriction/autobyteus-web/resources/server[0m
You can now build the Electron app with the server included

> autobyteus@1.2.95 generate:electron /Users/normy/autobyteus_org/autobyteus-worktrees/remove-media-output-path-restriction/autobyteus-web
> cross-env NODE_ENV=production BUILD_TARGET=electron nuxt generate

┌  Building Nuxt for production...
│
●  Nuxt 3.21.1 (with Nitro 2.13.1, Vite 7.3.1 and Vue 3.5.28)
[nuxt] modules:before: 0.077ms
isElectronBuild true
[nuxt] kit:compatibility: 0.019ms
[nuxt] kit:compatibility: 0.063ms
[nuxt] kit:compatibility : 0.129ms
ℹ Module pinia took 1.78ms to setup.
ℹ Module devhandler-compat took 0.02ms to setup.
[nuxt] kit:compatibility: 0.097ms
[Electron Module] Initializing electron module
⚙ [Electron Module] Electron options: { buildEntries: [ 'electron/main.ts', 'electron/preload.ts' ],
  rendererConfig: false,
  disableDefaultOptions: undefined }
[Electron Module] Applying default Electron configurations
⚙ [Electron Module] SSR disabled
[Electron Module] Configuring for Electron build target
⚙ [Electron Module] Electron build config applied: { baseURL: './', buildAssetsDir: '_nuxt/', hashMode: true }
[Electron Module] Configuring production settings
⚙ [Electron Module] Production config applied: { baseURL: './' }
[Electron Module] Electron module initialization completed
ℹ Module electron took 1.38ms to setup.
[nuxt] pages:routerOptions: 0.023ms
ℹ Module nuxt:pages took 8.47ms to setup.
ℹ Module nuxt:meta took 1.48ms to setup.
[nuxt] kit:compatibility: 0.237ms
ℹ Module nuxt:components took 3.84ms to setup.
ℹ Module nuxt:imports took 0.81ms to setup.
ℹ Module nuxt:nuxt-config-schema took 0.2ms to setup.
ℹ Module @nuxt/telemetry took 0.05ms to setup.
[nuxt] imports:dirs: 0.12ms
[nuxt] imports:sources: 0.066ms
[nuxt] imports:context: 0.084ms
[nuxt] imports:extend: 0.029ms
[nuxt] builder:generateApp: 0.006ms
[nuxt] schema:extend: 0.011ms
[nuxt] schema:resolved: 0.008ms
[nuxt] modules:done: 73.663ms
[nuxt] nitro:config: 57.756ms
[nuxt] nitro:init: 0.514ms
[nuxt] ready: 0.014ms
│
●  Nitro preset: static
[nitro] types:extend: 0.012ms
[nuxt] prepare:types: 44.668ms
[nuxt] components:dirs: 0.007ms
[nuxt] app:resolve: 0.725ms
[nuxt] pages:extend: 0.075ms
[nuxt] pages:resolved: 0.118ms
[nuxt] components:extend: 0.346ms
[nuxt] app:templates: 24.165ms
[nuxt] ℹ Compiled app-component.mjs in 8.05ms
[nuxt] ℹ Compiled types/app.config.d.ts in 8.07ms
[nuxt] ℹ Compiled app.config.mjs in 8.13ms
[nuxt] ℹ Compiled types/app-defaults.d.ts in 8.18ms
[nuxt] ℹ Compiled types/build.d.ts in 8.22ms
[nuxt] ℹ Compiled nitro.client.mjs in 8.02ms
[nuxt] ℹ Compiled css.mjs in 8.06ms
[nuxt] ℹ Compiled fetch.mjs in 8.09ms
[nuxt] ℹ Compiled error-component.mjs in 8.13ms
[nuxt] ℹ Compiled global-polyfills.mjs in 8.27ms
[nuxt] ℹ Compiled layouts.mjs in 8.33ms
[nuxt] ℹ Compiled middleware.mjs in 8.15ms
[nuxt] ℹ Compiled nuxt.config.mjs in 8.06ms
[nuxt] ℹ Compiled paths.mjs in 7.88ms
[nuxt] ℹ Compiled root-component.mjs in 7.9ms
[nuxt] ℹ Compiled test-component-wrapper.mjs in 7.75ms
[nuxt] ℹ Compiled types/vue-shim.d.ts in 7.8ms
[nuxt] ℹ Compiled types/nitro-layouts.d.ts in 7.86ms
[nuxt] ℹ Compiled types/builder-env.d.ts in 7.9ms
[nuxt] ℹ Compiled routes.mjs in 7.95ms
[nuxt] ℹ Compiled pages.mjs in 7.22ms
[nuxt] ℹ Compiled types/middleware.d.ts in 7.19ms
[nuxt] ℹ Compiled types/nitro-middleware.d.ts in 7.23ms
[nuxt] ℹ Compiled types/layouts.d.ts in 7.27ms
[nuxt] ℹ Compiled unhead-options.mjs in 7.29ms
[nuxt] ℹ Compiled unhead.config.mjs in 7.33ms
[nuxt] ℹ Compiled components.d.ts in 7.36ms
[nuxt] ℹ Compiled types/components.d.ts in 4.77ms
[nuxt] ℹ Compiled components.plugin.mjs in 3.08ms
[nuxt] ℹ Compiled component-names.mjs in 3.04ms
[nuxt] ℹ Compiled components.islands.mjs in 3.06ms
[nuxt] ℹ Compiled component-chunk.mjs in 3.02ms
[nuxt] ℹ Compiled route-rules.mjs in 9.98ms
[nuxt] nitro:prepare:types: 10.412ms
[nuxt] ℹ Compiled imports.mjs in 10.62ms
[nuxt] ℹ Compiled imports.d.ts in 10.66ms
[nuxt] ℹ Compiled types/nitro-nuxt.d.ts in 11.24ms
[nuxt] ℹ Compiled types/schema.d.ts in 17.6ms
[nuxt] ℹ Compiled types/imports.d.ts in 14.48ms
[nuxt] pages:routerOptions: 0.01ms
[nuxt] ℹ Compiled router.options.mjs in 20.28ms
[nuxt] ℹ Compiled plugins.server.mjs in 5.62ms
[nuxt] ℹ Compiled plugins.client.mjs in 7.81ms
[nuxt] ℹ Compiled types/plugins.d.ts in 8.95ms
[nuxt] imports:extend: 0.02ms
[nuxt] builder:generateApp: 0.004ms
[nuxt] app:templatesGenerated: 46.068ms
[nuxt] build:before: 1.056ms
[nuxt] vite:extend: 2.004ms
[Electron Module] Extending Vite config
[nuxt] vite:extendConfig: 0.362ms
[nuxt] vite:configResolved: 0.005ms
ℹ Building client...
[Electron Module] Vite config resolved: { mode: 'production', base: './', buildTarget: 'electron' }
ℹ vite v7.3.1 building client environment for production...
ℹ transforming...
ℹ ✓ 3340 modules transformed.
ℹ rendering chunks...

 WARN  [plugin vite:reporter]
(!) /Users/normy/autobyteus_org/autobyteus-worktrees/remove-media-output-path-restriction/autobyteus-web/graphql/queries/file_explorer_queries.ts is dynamically imported by /Users/normy/autobyteus_org/autobyteus-worktrees/remove-media-output-path-restriction/autobyteus-web/stores/workspace.ts but also statically imported by /Users/normy/autobyteus_org/autobyteus-worktrees/remove-media-output-path-restriction/autobyteus-web/stores/fileExplorer.ts, dynamic import will not move module into another chunk.


ℹ computing gzip size...
ℹ .nuxt/dist/client/_nuxt/KaTeX_Size3-Regular.CTq5MqoE.woff                       4.42 kB
ℹ .nuxt/dist/client/_nuxt/KaTeX_Size4-Regular.Dl5lxZxV.woff2                      4.93 kB
ℹ .nuxt/dist/client/_nuxt/KaTeX_Size2-Regular.Dy4dx90m.woff2                      5.21 kB
ℹ .nuxt/dist/client/_nuxt/KaTeX_Size1-Regular.mCD8mA8B.woff2                      5.47 kB
ℹ .nuxt/dist/client/_nuxt/KaTeX_Size4-Regular.BF-4gkZK.woff                       5.98 kB
ℹ .nuxt/dist/client/_nuxt/KaTeX_Size2-Regular.oD1tc_U0.woff                       6.19 kB
ℹ .nuxt/dist/client/_nuxt/KaTeX_Size1-Regular.C195tn64.woff                       6.50 kB
ℹ .nuxt/dist/client/_nuxt/KaTeX_Caligraphic-Regular.Di6jR-x-.woff2                6.91 kB
ℹ .nuxt/dist/client/_nuxt/KaTeX_Caligraphic-Bold.Dq_IR9rO.woff2                   6.91 kB
ℹ .nuxt/dist/client/_nuxt/KaTeX_Size3-Regular.DgpXs0kz.ttf                        7.59 kB
ℹ .nuxt/dist/client/_nuxt/KaTeX_Caligraphic-Regular.CTRA-rTL.woff                 7.66 kB
ℹ .nuxt/dist/client/_nuxt/KaTeX_Caligraphic-Bold.BEiXGLvX.woff                    7.72 kB
ℹ .nuxt/dist/client/_nuxt/KaTeX_Script-Regular.D3wIWfF6.woff2                     9.64 kB
ℹ .nuxt/dist/client/_nuxt/KaTeX_SansSerif-Regular.DDBCnlJ7.woff2                 10.34 kB
ℹ .nuxt/dist/client/_nuxt/KaTeX_Size4-Regular.DWFBv043.ttf                       10.36 kB
ℹ .nuxt/dist/client/_nuxt/KaTeX_Script-Regular.D5yQViql.woff                     10.59 kB
ℹ .nuxt/dist/client/_nuxt/KaTeX_Fraktur-Regular.CTYiF6lA.woff2                   11.32 kB
ℹ .nuxt/dist/client/_nuxt/KaTeX_Fraktur-Bold.CL6g_b3V.woff2                      11.35 kB
ℹ .nuxt/dist/client/_nuxt/KaTeX_Size2-Regular.B7gKUWhC.ttf                       11.51 kB
ℹ .nuxt/dist/client/_nuxt/KaTeX_SansSerif-Italic.C3H0VqGB.woff2                  12.03 kB
ℹ .nuxt/dist/client/_nuxt/KaTeX_SansSerif-Bold.D1sUS0GD.woff2                    12.22 kB
ℹ .nuxt/dist/client/_nuxt/KaTeX_Size1-Regular.Dbsnue_I.ttf                       12.23 kB
ℹ .nuxt/dist/client/_nuxt/KaTeX_SansSerif-Regular.CS6fqUqJ.woff                  12.32 kB
ℹ .nuxt/dist/client/_nuxt/KaTeX_Caligraphic-Regular.wX97UBjC.ttf                 12.34 kB
ℹ .nuxt/dist/client/_nuxt/KaTeX_Caligraphic-Bold.ATXxdsX0.ttf                    12.37 kB
ℹ .nuxt/dist/client/_nuxt/KaTeX_Fraktur-Regular.Dxdc4cR9.woff                    13.21 kB
ℹ .nuxt/dist/client/_nuxt/KaTeX_Fraktur-Bold.BsDP51OF.woff                       13.30 kB
ℹ .nuxt/dist/client/_nuxt/KaTeX_Typewriter-Regular.CO6r4hn1.woff2                13.57 kB
ℹ .nuxt/dist/client/_nuxt/KaTeX_SansSerif-Italic.DN2j7dab.woff                   14.11 kB
ℹ .nuxt/dist/client/_nuxt/KaTeX_SansSerif-Bold.DbIhKOiC.woff                     14.41 kB
ℹ .nuxt/dist/client/_nuxt/KaTeX_Typewriter-Regular.C0xS9mPB.woff                 16.03 kB
ℹ .nuxt/dist/client/_nuxt/KaTeX_Math-BoldItalic.CZnvNsCZ.woff2                   16.40 kB
ℹ .nuxt/dist/client/_nuxt/KaTeX_Math-Italic.t53AETM-.woff2                       16.44 kB
ℹ .nuxt/dist/client/_nuxt/KaTeX_Script-Regular.C5JkGWo-.ttf                      16.65 kB
ℹ .nuxt/dist/client/_nuxt/KaTeX_Main-BoldItalic.DxDJ3AOS.woff2                   16.78 kB
ℹ .nuxt/dist/client/_nuxt/KaTeX_Main-Italic.NWA7e6Wa.woff2                       16.99 kB
ℹ .nuxt/dist/client/_nuxt/KaTeX_Math-BoldItalic.iY-2wyZ7.woff                    18.67 kB
ℹ .nuxt/dist/client/_nuxt/KaTeX_Math-Italic.DA0__PXp.woff                        18.75 kB
ℹ .nuxt/dist/client/_nuxt/KaTeX_Main-BoldItalic.SpSLRI95.woff                    19.41 kB
ℹ .nuxt/dist/client/_nuxt/KaTeX_SansSerif-Regular.BNo7hRIc.ttf                   19.44 kB
ℹ .nuxt/dist/client/_nuxt/KaTeX_Fraktur-Regular.CB_wures.ttf                     19.57 kB
ℹ .nuxt/dist/client/_nuxt/KaTeX_Fraktur-Bold.BdnERNNW.ttf                        19.58 kB
ℹ .nuxt/dist/client/_nuxt/KaTeX_Main-Italic.BMLOBm91.woff                        19.68 kB
ℹ .nuxt/dist/client/_nuxt/KaTeX_SansSerif-Italic.YYjJ1zSn.ttf                    22.36 kB
ℹ .nuxt/dist/client/_nuxt/KaTeX_SansSerif-Bold.CFMepnvq.ttf                      24.50 kB
ℹ .nuxt/dist/client/_nuxt/KaTeX_Main-Bold.Cx986IdX.woff2                         25.32 kB
ℹ .nuxt/dist/client/_nuxt/KaTeX_Main-Regular.B22Nviop.woff2                      26.27 kB
ℹ .nuxt/dist/client/_nuxt/KaTeX_Typewriter-Regular.D3Ib7_Hf.ttf                  27.56 kB
ℹ .nuxt/dist/client/_nuxt/KaTeX_AMS-Regular.BQhdFMY1.woff2                       28.08 kB
ℹ .nuxt/dist/client/_nuxt/KaTeX_Main-Bold.Jm3AIy58.woff                          29.91 kB
ℹ .nuxt/dist/client/_nuxt/KaTeX_Main-Regular.Dr94JaBh.woff                       30.77 kB
ℹ .nuxt/dist/client/_nuxt/KaTeX_Math-BoldItalic.B3XSjfu4.ttf                     31.20 kB
ℹ .nuxt/dist/client/_nuxt/KaTeX_Math-Italic.flOr_0UB.ttf                         31.31 kB
ℹ .nuxt/dist/client/_nuxt/KaTeX_Main-BoldItalic.DzxPMmG6.ttf                     32.97 kB
ℹ .nuxt/dist/client/_nuxt/KaTeX_AMS-Regular.DMm9YOAa.woff                        33.52 kB
ℹ .nuxt/dist/client/_nuxt/KaTeX_Main-Italic.3WenGoN9.ttf                         33.58 kB
ℹ .nuxt/dist/client/_nuxt/KaTeX_Main-Bold.waoOVXN0.ttf                           51.34 kB
ℹ .nuxt/dist/client/_nuxt/KaTeX_Main-Regular.ypZvNtVU.ttf                        53.58 kB
ℹ .nuxt/dist/client/_nuxt/KaTeX_AMS-Regular.DRggAlZN.ttf                         63.63 kB
ℹ .nuxt/dist/client/manifest.json                                                66.31 kB │ gzip:     5.80 kB
ℹ .nuxt/dist/client/_nuxt/ConfirmationModal.CJV_gWfn.css                          0.20 kB │ gzip:     0.12 kB
ℹ .nuxt/dist/client/_nuxt/media.yjOJmL4q.css                                      0.23 kB │ gzip:     0.13 kB
ℹ .nuxt/dist/client/_nuxt/settings.CxTZU0Nv.css                                   0.27 kB │ gzip:     0.21 kB
ℹ .nuxt/dist/client/_nuxt/DefinitionLaunchPreferencesSection.B4uhkLvJ.css         0.28 kB │ gzip:     0.15 kB
ℹ .nuxt/dist/client/_nuxt/FullScreenImageModal.aod6xn15.css                       0.35 kB │ gzip:     0.17 kB
ℹ .nuxt/dist/client/_nuxt/default.DgwjW6tw.css                                    0.86 kB │ gzip:     0.35 kB
ℹ .nuxt/dist/client/_nuxt/workspace.C89Blhrv.css                                 10.42 kB │ gzip:     2.73 kB
ℹ .nuxt/dist/client/_nuxt/skills.DgQDsQ24.css                                    21.72 kB │ gzip:     4.28 kB
ℹ .nuxt/dist/client/_nuxt/FileExplorerTabs.ByGIVj0F.css                          49.85 kB │ gzip:    12.78 kB
ℹ .nuxt/dist/client/_nuxt/entry.DTCwm6Ke.css                                    106.57 kB │ gzip:    17.01 kB
ℹ .nuxt/dist/client/_nuxt/clone.CgOrGtT3.js                                       0.10 kB │ gzip:     0.11 kB
ℹ .nuxt/dist/client/_nuxt/channel.CCt6LEoU.js                                     0.12 kB │ gzip:     0.13 kB
ℹ .nuxt/dist/client/_nuxt/init.Gi6I4Gst.js                                        0.15 kB │ gzip:     0.13 kB
ℹ .nuxt/dist/client/_nuxt/chunk-QZHKN3VN.DUuSslwI.js                              0.20 kB │ gzip:     0.17 kB
ℹ .nuxt/dist/client/_nuxt/settings.BPpmNdtr.js                                    0.23 kB │ gzip:     0.20 kB
ℹ .nuxt/dist/client/_nuxt/chunk-4BX2VUAB.BF-53HBS.js                              0.24 kB │ gzip:     0.18 kB
ℹ .nuxt/dist/client/_nuxt/chunk-55IACEB6.C6pkzIfe.js                              0.24 kB │ gzip:     0.21 kB
ℹ .nuxt/dist/client/_nuxt/useNativeFolderDialog.DvC0fQjE.js                       0.27 kB │ gzip:     0.20 kB
ℹ .nuxt/dist/client/_nuxt/tools.D9lCgtDa.js                                       0.31 kB │ gzip:     0.24 kB
ℹ .nuxt/dist/client/_nuxt/chunk-FMBD7UC4.CC-mXL92.js                              0.37 kB │ gzip:     0.28 kB
ℹ .nuxt/dist/client/_nuxt/stateDiagram-v2-4FDKWEC3.mt-FKbF1.js                    0.45 kB │ gzip:     0.32 kB
ℹ .nuxt/dist/client/_nuxt/appLayoutStore.CvOhBDEJ.js                              0.48 kB │ gzip:     0.24 kB
ℹ .nuxt/dist/client/_nuxt/classDiagram-2ON5EDUG.E8BDDZUS.js                       0.49 kB │ gzip:     0.33 kB
ℹ .nuxt/dist/client/_nuxt/classDiagram-v2-WZHVMYZB.E8BDDZUS.js                    0.49 kB │ gzip:     0.33 kB
ℹ .nuxt/dist/client/_nuxt/chunk-QN33PNHL.DD05cuVZ.js                              0.51 kB │ gzip:     0.36 kB
ℹ .nuxt/dist/client/_nuxt/index.DLHKL6T2.js                                       0.52 kB │ gzip:     0.36 kB
ℹ .nuxt/dist/client/_nuxt/infoDiagram-HS3SLOUP.4VuGwXhj.js                        0.75 kB │ gzip:     0.49 kB
ℹ .nuxt/dist/client/_nuxt/api.nm8GgRz3.js                                         0.93 kB │ gzip:     0.44 kB
ℹ .nuxt/dist/client/_nuxt/ordinal.BYWQX77i.js                                     1.19 kB │ gzip:     0.57 kB
ℹ .nuxt/dist/client/_nuxt/agentDefinitionOptionsStore.C4-Dv4GE.js                 1.42 kB │ gzip:     0.56 kB
ℹ .nuxt/dist/client/_nuxt/chunk-TZMSLE5B.Df0ood94.js                              1.45 kB │ gzip:     0.64 kB
ℹ .nuxt/dist/client/_nuxt/applicationAssetUrl.CeLjE3PV.js                         1.82 kB │ gzip:     0.83 kB
ℹ .nuxt/dist/client/_nuxt/ConfirmationModal.Dbh_C5Y5.js                           2.03 kB │ gzip:     0.97 kB
ℹ .nuxt/dist/client/_nuxt/_basePickBy.gBAtc9Qz.js                                 2.59 kB │ gzip:     1.30 kB
ℹ .nuxt/dist/client/_nuxt/arc.FPD9G7My.js                                         3.45 kB │ gzip:     1.49 kB
ℹ .nuxt/dist/client/_nuxt/applicationStore.DWb3bCUU.js                            3.80 kB │ gzip:     1.49 kB
ℹ .nuxt/dist/client/_nuxt/diagram-S2PKOQOG.DPOAfZUP.js                            4.37 kB │ gzip:     1.92 kB
ℹ .nuxt/dist/client/_nuxt/RuntimeModelConfigFields.vue.PC6LKOky.js                4.45 kB │ gzip:     1.75 kB
ℹ .nuxt/dist/client/_nuxt/defaultLocale.DX6XiGOO.js                               4.69 kB │ gzip:     2.18 kB
ℹ .nuxt/dist/client/_nuxt/index.BcQlp1kb.js                                       4.78 kB │ gzip:     1.90 kB
ℹ .nuxt/dist/client/_nuxt/FullScreenImageModal.BRH6998D.js                        4.96 kB │ gzip:     2.03 kB
ℹ .nuxt/dist/client/_nuxt/SearchableGroupedSelect.vue.C1bpSWGL.js                 5.05 kB │ gzip:     2.08 kB
ℹ .nuxt/dist/client/_nuxt/pieDiagram-ADFJNKIX.CjKo_hww.js                         5.30 kB │ gzip:     2.36 kB
ℹ .nuxt/dist/client/_nuxt/SearchableSelect.vue.BuXnYOlW.js                        5.55 kB │ gzip:     2.22 kB
ℹ .nuxt/dist/client/_nuxt/linear.CEuqPRgX.js                                      5.67 kB │ gzip:     2.32 kB
ℹ .nuxt/dist/client/_nuxt/graph.5z4f5Dat.js                                       5.93 kB │ gzip:     1.87 kB
ℹ .nuxt/dist/client/_nuxt/diagram-QEK2KX5R.DUbQBjym.js                            5.97 kB │ gzip:     2.53 kB
ℹ .nuxt/dist/client/_nuxt/NodeSyncReportPanel.vue.CDytiH1v.js                     8.42 kB │ gzip:     2.71 kB
ℹ .nuxt/dist/client/_nuxt/toolManagementStore.DZJ2OdKD.js                         8.71 kB │ gzip:     1.83 kB
ℹ .nuxt/dist/client/_nuxt/skillStore.BVzG28Jz.js                                  9.02 kB │ gzip:     1.72 kB
ℹ .nuxt/dist/client/_nuxt/stateDiagram-FKZM4ZOC.B3jF6U7H.js                      10.44 kB │ gzip:     3.67 kB
ℹ .nuxt/dist/client/_nuxt/ModelConfigSection.vue.BgUPVeDj.js                     10.55 kB │ gzip:     3.45 kB
ℹ .nuxt/dist/client/_nuxt/dagre-6UL2VRFP.BhIoxe17.js                             11.06 kB │ gzip:     4.14 kB
ℹ .nuxt/dist/client/_nuxt/_baseUniq.D1sUfcCE.js                                  11.90 kB │ gzip:     4.66 kB
ℹ .nuxt/dist/client/_nuxt/DefinitionLaunchPreferencesSection.vue.Cr3x1Trp.js     12.30 kB │ gzip:     4.10 kB
ℹ .nuxt/dist/client/_nuxt/media.j4onojPn.js                                      13.27 kB │ gzip:     4.48 kB
ℹ .nuxt/dist/client/_nuxt/diagram-PSM6KHXK.DKLdRUxc.js                           15.93 kB │ gzip:     5.71 kB
ℹ .nuxt/dist/client/_nuxt/useRuntimeScopedModelSelection.D_lZlT2s.js             17.13 kB │ gzip:     4.41 kB
ℹ .nuxt/dist/client/_nuxt/iconify.B01zLY5j.js                                    18.47 kB │ gzip:     7.20 kB
ℹ .nuxt/dist/client/_nuxt/mindmap-definition-VGOIOE7T.CceWayH1.js                20.09 kB │ gzip:     6.94 kB
ℹ .nuxt/dist/client/_nuxt/kanban-definition-3W4ZIXB7.DTLVY--R.js                 20.25 kB │ gzip:     7.20 kB
ℹ .nuxt/dist/client/_nuxt/sankeyDiagram-TZEHDZUN.BmXGzP0v.js                     22.17 kB │ gzip:     8.16 kB
ℹ .nuxt/dist/client/_nuxt/journeyDiagram-XKPGCS4Q.D5S1DxuU.js                    23.60 kB │ gzip:     8.36 kB
ℹ .nuxt/dist/client/_nuxt/timeline-definition-IT6M3QCI.CnrFTndd.js               23.64 kB │ gzip:     8.26 kB
ℹ .nuxt/dist/client/_nuxt/gitGraphDiagram-V2S2FVAM.BT3sL6sA.js                   24.19 kB │ gzip:     7.47 kB
ℹ .nuxt/dist/client/_nuxt/erDiagram-Q2GNP2WA.CyLAblT9.js                         25.30 kB │ gzip:     8.86 kB
ℹ .nuxt/dist/client/_nuxt/voiceInputStore.DrpNkiFx.js                            27.31 kB │ gzip:     7.59 kB
ℹ .nuxt/dist/client/_nuxt/layout.CZ09u8dY.js                                     27.39 kB │ gzip:     9.73 kB
ℹ .nuxt/dist/client/_nuxt/memory.Baj6tKbE.js                                     27.62 kB │ gzip:     6.38 kB
ℹ .nuxt/dist/client/_nuxt/requirementDiagram-UZGBJVZJ.CYBGNqCw.js                30.14 kB │ gzip:     9.46 kB
ℹ .nuxt/dist/client/_nuxt/skills.CgJ2wLja.js                                     32.86 kB │ gzip:     8.69 kB
ℹ .nuxt/dist/client/_nuxt/quadrantDiagram-AYHSOK5B.BaYTtRGN.js                   33.90 kB │ gzip:     9.97 kB
ℹ .nuxt/dist/client/_nuxt/chunk-DI55MBZ5.zNO_-7Pd.js                             36.35 kB │ gzip:    11.83 kB
ℹ .nuxt/dist/client/_nuxt/xychartDiagram-PRI3JC2R.Bbj2PnK_.js                    40.24 kB │ gzip:    11.38 kB
ℹ .nuxt/dist/client/_nuxt/ToolsManagementWorkspace.vue.CBIeCIkS.js               40.74 kB │ gzip:    10.58 kB
ℹ .nuxt/dist/client/_nuxt/default.mDUX4Ng_.js                                    43.40 kB │ gzip:    10.94 kB
ℹ .nuxt/dist/client/_nuxt/chunk-B4BG7PRW.CgEjPJie.js                             45.32 kB │ gzip:    14.69 kB
ℹ .nuxt/dist/client/_nuxt/agents.Dki1hCV_.js                                     54.09 kB │ gzip:    13.79 kB
ℹ .nuxt/dist/client/_nuxt/flowDiagram-NV44I4VS.tJNbslzC.js                       60.51 kB │ gzip:    19.46 kB
ℹ .nuxt/dist/client/_nuxt/agent-teams.DFy4juiw.js                                60.60 kB │ gzip:    14.48 kB
ℹ .nuxt/dist/client/_nuxt/ganttDiagram-JELNMOA3.C_NBb_GL.js                      68.37 kB │ gzip:    23.18 kB
ℹ .nuxt/dist/client/_nuxt/c4Diagram-YG6GDRKO._rkjVaHg.js                         70.19 kB │ gzip:    19.71 kB
ℹ .nuxt/dist/client/_nuxt/blockDiagram-VD42YOAC.CWeK_ylb.js                      71.84 kB │ gzip:    20.54 kB
ℹ .nuxt/dist/client/_nuxt/_id_.D9t32zmL.js                                       73.03 kB │ gzip:    16.83 kB
ℹ .nuxt/dist/client/_nuxt/agentRunStore.Cr7Xe-8c.js                              80.18 kB │ gzip:    21.01 kB
ℹ .nuxt/dist/client/_nuxt/cose-bilkent-S5V4N54A.Br0hiJ7a.js                      81.76 kB │ gzip:    22.51 kB
ℹ .nuxt/dist/client/_nuxt/workspace.C5I2_UCK.js                                  95.49 kB │ gzip:    25.62 kB
ℹ .nuxt/dist/client/_nuxt/sequenceDiagram-WL72ISMW.Bc4XjHg-.js                   97.86 kB │ gzip:    26.89 kB
ℹ .nuxt/dist/client/_nuxt/architectureDiagram-VXUJARFQ.CtqT_ohm.js              148.69 kB │ gzip:    42.09 kB
ℹ .nuxt/dist/client/_nuxt/cytoscape.esm.5J0xJHOV.js                             441.64 kB │ gzip:   141.47 kB
ℹ .nuxt/dist/client/_nuxt/treemap-GDKQZRPO.CMJ3cnJf.js                          452.90 kB │ gzip:   107.06 kB
ℹ .nuxt/dist/client/_nuxt/settings.BDyZBUuP.js                                  466.03 kB │ gzip:   128.43 kB
ℹ .nuxt/dist/client/_nuxt/workspace.D18poSKy.js                                 675.06 kB │ gzip:   181.45 kB
ℹ .nuxt/dist/client/_nuxt/entry.DwurA-iM.js                                     873.79 kB │ gzip:   245.90 kB
ℹ .nuxt/dist/client/_nuxt/FileExplorerTabs.vue.CsPctpyD.js                    3,769.75 kB │ gzip: 1,212.17 kB

 WARN
(!) Some chunks are larger than 500 kB after minification. Consider:
- Using dynamic import() to code-split the application
- Use build.rollupOptions.output.manualChunks to improve chunking: https://rollupjs.org/configuration-options/#output-manualchunks
- Adjust chunk size limit for this warning via build.chunkSizeWarningLimit.

ℹ ✓ built in 15.14s
[nuxt] vite:compiled: 0.015ms
✔ Client built in 15154ms
[Electron Module] Extending Vite config
[nuxt] vite:extendConfig: 0.525ms
[nuxt] vite:configResolved: 0.005ms
ℹ Building server...
[Electron Module] Vite config resolved: { mode: 'production', base: '/', buildTarget: 'electron' }
ℹ vite v7.3.1 building ssr environment for production...
ℹ transforming...
ℹ ✓ 1 modules transformed.
ℹ rendering chunks...
ℹ .nuxt/dist/server/styles.mjs  0.07 kB
ℹ .nuxt/dist/server/server.mjs  0.10 kB │ map: 0.37 kB
ℹ ✓ built in 9ms
[Electron Module] Processing build manifest
⚙ [Electron Module] Processing manifest entry: ../node_modules/.pnpm/katex@0.16.28/node_modules/katex/dist/fonts/KaTeX_AMS-Regular.ttf
⚙ [Electron Module] Processing manifest entry: ../node_modules/.pnpm/katex@0.16.28/node_modules/katex/dist/fonts/KaTeX_AMS-Regular.woff
⚙ [Electron Module] Processing manifest entry: ../node_modules/.pnpm/katex@0.16.28/node_modules/katex/dist/fonts/KaTeX_AMS-Regular.woff2
⚙ [Electron Module] Processing manifest entry: ../node_modules/.pnpm/katex@0.16.28/node_modules/katex/dist/fonts/KaTeX_Caligraphic-Bold.ttf
⚙ [Electron Module] Processing manifest entry: ../node_modules/.pnpm/katex@0.16.28/node_modules/katex/dist/fonts/KaTeX_Caligraphic-Bold.woff
⚙ [Electron Module] Processing manifest entry: ../node_modules/.pnpm/katex@0.16.28/node_modules/katex/dist/fonts/KaTeX_Caligraphic-Bold.woff2
⚙ [Electron Module] Processing manifest entry: ../node_modules/.pnpm/katex@0.16.28/node_modules/katex/dist/fonts/KaTeX_Caligraphic-Regular.ttf
⚙ [Electron Module] Processing manifest entry: ../node_modules/.pnpm/katex@0.16.28/node_modules/katex/dist/fonts/KaTeX_Caligraphic-Regular.woff
⚙ [Electron Module] Processing manifest entry: ../node_modules/.pnpm/katex@0.16.28/node_modules/katex/dist/fonts/KaTeX_Caligraphic-Regular.woff2
⚙ [Electron Module] Processing manifest entry: ../node_modules/.pnpm/katex@0.16.28/node_modules/katex/dist/fonts/KaTeX_Fraktur-Bold.ttf
⚙ [Electron Module] Processing manifest entry: ../node_modules/.pnpm/katex@0.16.28/node_modules/katex/dist/fonts/KaTeX_Fraktur-Bold.woff
⚙ [Electron Module] Processing manifest entry: ../node_modules/.pnpm/katex@0.16.28/node_modules/katex/dist/fonts/KaTeX_Fraktur-Bold.woff2
⚙ [Electron Module] Processing manifest entry: ../node_modules/.pnpm/katex@0.16.28/node_modules/katex/dist/fonts/KaTeX_Fraktur-Regular.ttf
⚙ [Electron Module] Processing manifest entry: ../node_modules/.pnpm/katex@0.16.28/node_modules/katex/dist/fonts/KaTeX_Fraktur-Regular.woff
⚙ [Electron Module] Processing manifest entry: ../node_modules/.pnpm/katex@0.16.28/node_modules/katex/dist/fonts/KaTeX_Fraktur-Regular.woff2
⚙ [Electron Module] Processing manifest entry: ../node_modules/.pnpm/katex@0.16.28/node_modules/katex/dist/fonts/KaTeX_Main-Bold.ttf
⚙ [Electron Module] Processing manifest entry: ../node_modules/.pnpm/katex@0.16.28/node_modules/katex/dist/fonts/KaTeX_Main-Bold.woff
⚙ [Electron Module] Processing manifest entry: ../node_modules/.pnpm/katex@0.16.28/node_modules/katex/dist/fonts/KaTeX_Main-Bold.woff2
⚙ [Electron Module] Processing manifest entry: ../node_modules/.pnpm/katex@0.16.28/node_modules/katex/dist/fonts/KaTeX_Main-BoldItalic.ttf
⚙ [Electron Module] Processing manifest entry: ../node_modules/.pnpm/katex@0.16.28/node_modules/katex/dist/fonts/KaTeX_Main-BoldItalic.woff
⚙ [Electron Module] Processing manifest entry: ../node_modules/.pnpm/katex@0.16.28/node_modules/katex/dist/fonts/KaTeX_Main-BoldItalic.woff2
⚙ [Electron Module] Processing manifest entry: ../node_modules/.pnpm/katex@0.16.28/node_modules/katex/dist/fonts/KaTeX_Main-Italic.ttf
⚙ [Electron Module] Processing manifest entry: ../node_modules/.pnpm/katex@0.16.28/node_modules/katex/dist/fonts/KaTeX_Main-Italic.woff
⚙ [Electron Module] Processing manifest entry: ../node_modules/.pnpm/katex@0.16.28/node_modules/katex/dist/fonts/KaTeX_Main-Italic.woff2
⚙ [Electron Module] Processing manifest entry: ../node_modules/.pnpm/katex@0.16.28/node_modules/katex/dist/fonts/KaTeX_Main-Regular.ttf
⚙ [Electron Module] Processing manifest entry: ../node_modules/.pnpm/katex@0.16.28/node_modules/katex/dist/fonts/KaTeX_Main-Regular.woff
⚙ [Electron Module] Processing manifest entry: ../node_modules/.pnpm/katex@0.16.28/node_modules/katex/dist/fonts/KaTeX_Main-Regular.woff2
⚙ [Electron Module] Processing manifest entry: ../node_modules/.pnpm/katex@0.16.28/node_modules/katex/dist/fonts/KaTeX_Math-BoldItalic.ttf
⚙ [Electron Module] Processing manifest entry: ../node_modules/.pnpm/katex@0.16.28/node_modules/katex/dist/fonts/KaTeX_Math-BoldItalic.woff
⚙ [Electron Module] Processing manifest entry: ../node_modules/.pnpm/katex@0.16.28/node_modules/katex/dist/fonts/KaTeX_Math-BoldItalic.woff2
⚙ [Electron Module] Processing manifest entry: ../node_modules/.pnpm/katex@0.16.28/node_modules/katex/dist/fonts/KaTeX_Math-Italic.ttf
⚙ [Electron Module] Processing manifest entry: ../node_modules/.pnpm/katex@0.16.28/node_modules/katex/dist/fonts/KaTeX_Math-Italic.woff
⚙ [Electron Module] Processing manifest entry: ../node_modules/.pnpm/katex@0.16.28/node_modules/katex/dist/fonts/KaTeX_Math-Italic.woff2
⚙ [Electron Module] Processing manifest entry: ../node_modules/.pnpm/katex@0.16.28/node_modules/katex/dist/fonts/KaTeX_SansSerif-Bold.ttf
⚙ [Electron Module] Processing manifest entry: ../node_modules/.pnpm/katex@0.16.28/node_modules/katex/dist/fonts/KaTeX_SansSerif-Bold.woff
⚙ [Electron Module] Processing manifest entry: ../node_modules/.pnpm/katex@0.16.28/node_modules/katex/dist/fonts/KaTeX_SansSerif-Bold.woff2
⚙ [Electron Module] Processing manifest entry: ../node_modules/.pnpm/katex@0.16.28/node_modules/katex/dist/fonts/KaTeX_SansSerif-Italic.ttf
⚙ [Electron Module] Processing manifest entry: ../node_modules/.pnpm/katex@0.16.28/node_modules/katex/dist/fonts/KaTeX_SansSerif-Italic.woff
⚙ [Electron Module] Processing manifest entry: ../node_modules/.pnpm/katex@0.16.28/node_modules/katex/dist/fonts/KaTeX_SansSerif-Italic.woff2
⚙ [Electron Module] Processing manifest entry: ../node_modules/.pnpm/katex@0.16.28/node_modules/katex/dist/fonts/KaTeX_SansSerif-Regular.ttf
⚙ [Electron Module] Processing manifest entry: ../node_modules/.pnpm/katex@0.16.28/node_modules/katex/dist/fonts/KaTeX_SansSerif-Regular.woff
⚙ [Electron Module] Processing manifest entry: ../node_modules/.pnpm/katex@0.16.28/node_modules/katex/dist/fonts/KaTeX_SansSerif-Regular.woff2
⚙ [Electron Module] Processing manifest entry: ../node_modules/.pnpm/katex@0.16.28/node_modules/katex/dist/fonts/KaTeX_Script-Regular.ttf
⚙ [Electron Module] Processing manifest entry: ../node_modules/.pnpm/katex@0.16.28/node_modules/katex/dist/fonts/KaTeX_Script-Regular.woff
⚙ [Electron Module] Processing manifest entry: ../node_modules/.pnpm/katex@0.16.28/node_modules/katex/dist/fonts/KaTeX_Script-Regular.woff2
⚙ [Electron Module] Processing manifest entry: ../node_modules/.pnpm/katex@0.16.28/node_modules/katex/dist/fonts/KaTeX_Size1-Regular.ttf
⚙ [Electron Module] Processing manifest entry: ../node_modules/.pnpm/katex@0.16.28/node_modules/katex/dist/fonts/KaTeX_Size1-Regular.woff
⚙ [Electron Module] Processing manifest entry: ../node_modules/.pnpm/katex@0.16.28/node_modules/katex/dist/fonts/KaTeX_Size1-Regular.woff2
⚙ [Electron Module] Processing manifest entry: ../node_modules/.pnpm/katex@0.16.28/node_modules/katex/dist/fonts/KaTeX_Size2-Regular.ttf
⚙ [Electron Module] Processing manifest entry: ../node_modules/.pnpm/katex@0.16.28/node_modules/katex/dist/fonts/KaTeX_Size2-Regular.woff
⚙ [Electron Module] Processing manifest entry: ../node_modules/.pnpm/katex@0.16.28/node_modules/katex/dist/fonts/KaTeX_Size2-Regular.woff2
⚙ [Electron Module] Processing manifest entry: ../node_modules/.pnpm/katex@0.16.28/node_modules/katex/dist/fonts/KaTeX_Size3-Regular.ttf
⚙ [Electron Module] Processing manifest entry: ../node_modules/.pnpm/katex@0.16.28/node_modules/katex/dist/fonts/KaTeX_Size3-Regular.woff
⚙ [Electron Module] Processing manifest entry: ../node_modules/.pnpm/katex@0.16.28/node_modules/katex/dist/fonts/KaTeX_Size4-Regular.ttf
⚙ [Electron Module] Processing manifest entry: ../node_modules/.pnpm/katex@0.16.28/node_modules/katex/dist/fonts/KaTeX_Size4-Regular.woff
⚙ [Electron Module] Processing manifest entry: ../node_modules/.pnpm/katex@0.16.28/node_modules/katex/dist/fonts/KaTeX_Size4-Regular.woff2
⚙ [Electron Module] Processing manifest entry: ../node_modules/.pnpm/katex@0.16.28/node_modules/katex/dist/fonts/KaTeX_Typewriter-Regular.ttf
⚙ [Electron Module] Processing manifest entry: ../node_modules/.pnpm/katex@0.16.28/node_modules/katex/dist/fonts/KaTeX_Typewriter-Regular.woff
⚙ [Electron Module] Processing manifest entry: ../node_modules/.pnpm/katex@0.16.28/node_modules/katex/dist/fonts/KaTeX_Typewriter-Regular.woff2
⚙ [Electron Module] Processing manifest entry: ../node_modules/.pnpm/mermaid@11.12.3/node_modules/mermaid/dist/chunks/mermaid.core/architectureDiagram-VXUJARFQ.mjs
⚙ [Electron Module] Processing manifest entry: ../node_modules/.pnpm/mermaid@11.12.3/node_modules/mermaid/dist/chunks/mermaid.core/blockDiagram-VD42YOAC.mjs
⚙ [Electron Module] Processing manifest entry: ../node_modules/.pnpm/mermaid@11.12.3/node_modules/mermaid/dist/chunks/mermaid.core/c4Diagram-YG6GDRKO.mjs
⚙ [Electron Module] Processing manifest entry: ../node_modules/.pnpm/mermaid@11.12.3/node_modules/mermaid/dist/chunks/mermaid.core/classDiagram-2ON5EDUG.mjs
⚙ [Electron Module] Processing manifest entry: ../node_modules/.pnpm/mermaid@11.12.3/node_modules/mermaid/dist/chunks/mermaid.core/classDiagram-v2-WZHVMYZB.mjs
⚙ [Electron Module] Processing manifest entry: ../node_modules/.pnpm/mermaid@11.12.3/node_modules/mermaid/dist/chunks/mermaid.core/cose-bilkent-S5V4N54A.mjs
⚙ [Electron Module] Processing manifest entry: ../node_modules/.pnpm/mermaid@11.12.3/node_modules/mermaid/dist/chunks/mermaid.core/dagre-6UL2VRFP.mjs
⚙ [Electron Module] Processing manifest entry: ../node_modules/.pnpm/mermaid@11.12.3/node_modules/mermaid/dist/chunks/mermaid.core/diagram-PSM6KHXK.mjs
⚙ [Electron Module] Processing manifest entry: ../node_modules/.pnpm/mermaid@11.12.3/node_modules/mermaid/dist/chunks/mermaid.core/diagram-QEK2KX5R.mjs
⚙ [Electron Module] Processing manifest entry: ../node_modules/.pnpm/mermaid@11.12.3/node_modules/mermaid/dist/chunks/mermaid.core/diagram-S2PKOQOG.mjs
⚙ [Electron Module] Processing manifest entry: ../node_modules/.pnpm/mermaid@11.12.3/node_modules/mermaid/dist/chunks/mermaid.core/erDiagram-Q2GNP2WA.mjs
⚙ [Electron Module] Processing manifest entry: ../node_modules/.pnpm/mermaid@11.12.3/node_modules/mermaid/dist/chunks/mermaid.core/flowDiagram-NV44I4VS.mjs
⚙ [Electron Module] Processing manifest entry: ../node_modules/.pnpm/mermaid@11.12.3/node_modules/mermaid/dist/chunks/mermaid.core/ganttDiagram-JELNMOA3.mjs
⚙ [Electron Module] Processing manifest entry: ../node_modules/.pnpm/mermaid@11.12.3/node_modules/mermaid/dist/chunks/mermaid.core/gitGraphDiagram-V2S2FVAM.mjs
⚙ [Electron Module] Processing manifest entry: ../node_modules/.pnpm/mermaid@11.12.3/node_modules/mermaid/dist/chunks/mermaid.core/infoDiagram-HS3SLOUP.mjs
⚙ [Electron Module] Processing manifest entry: ../node_modules/.pnpm/mermaid@11.12.3/node_modules/mermaid/dist/chunks/mermaid.core/journeyDiagram-XKPGCS4Q.mjs
⚙ [Electron Module] Processing manifest entry: ../node_modules/.pnpm/mermaid@11.12.3/node_modules/mermaid/dist/chunks/mermaid.core/kanban-definition-3W4ZIXB7.mjs
⚙ [Electron Module] Processing manifest entry: ../node_modules/.pnpm/mermaid@11.12.3/node_modules/mermaid/dist/chunks/mermaid.core/mindmap-definition-VGOIOE7T.mjs
⚙ [Electron Module] Processing manifest entry: ../node_modules/.pnpm/mermaid@11.12.3/node_modules/mermaid/dist/chunks/mermaid.core/pieDiagram-ADFJNKIX.mjs
⚙ [Electron Module] Processing manifest entry: ../node_modules/.pnpm/mermaid@11.12.3/node_modules/mermaid/dist/chunks/mermaid.core/quadrantDiagram-AYHSOK5B.mjs
⚙ [Electron Module] Processing manifest entry: ../node_modules/.pnpm/mermaid@11.12.3/node_modules/mermaid/dist/chunks/mermaid.core/requirementDiagram-UZGBJVZJ.mjs
⚙ [Electron Module] Processing manifest entry: ../node_modules/.pnpm/mermaid@11.12.3/node_modules/mermaid/dist/chunks/mermaid.core/sankeyDiagram-TZEHDZUN.mjs
⚙ [Electron Module] Processing manifest entry: ../node_modules/.pnpm/mermaid@11.12.3/node_modules/mermaid/dist/chunks/mermaid.core/sequenceDiagram-WL72ISMW.mjs
⚙ [Electron Module] Processing manifest entry: ../node_modules/.pnpm/mermaid@11.12.3/node_modules/mermaid/dist/chunks/mermaid.core/stateDiagram-FKZM4ZOC.mjs
⚙ [Electron Module] Processing manifest entry: ../node_modules/.pnpm/mermaid@11.12.3/node_modules/mermaid/dist/chunks/mermaid.core/stateDiagram-v2-4FDKWEC3.mjs
⚙ [Electron Module] Processing manifest entry: ../node_modules/.pnpm/mermaid@11.12.3/node_modules/mermaid/dist/chunks/mermaid.core/timeline-definition-IT6M3QCI.mjs
⚙ [Electron Module] Processing manifest entry: ../node_modules/.pnpm/mermaid@11.12.3/node_modules/mermaid/dist/chunks/mermaid.core/xychartDiagram-PRI3JC2R.mjs
⚙ [Electron Module] Processing manifest entry: ../node_modules/.pnpm/nuxt@3.21.1_@parcel+watcher@2.5.6_@types+node@22.19.11_@vue+compiler-sfc@3.5.28_cac@6.7_05eb989a4903fdbf6aed2be910db586e/node_modules/nuxt/dist/app/entry.js
⚙ [Electron Module] Processing manifest entry: entry.DTCwm6Ke.css
⚙ [Electron Module] Processing manifest entry: _ConfirmationModal.CJV_gWfn.css
⚙ [Electron Module] Processing manifest entry: _ConfirmationModal.Dbh_C5Y5.js
⚙ [Electron Module] Processing manifest entry: ConfirmationModal.CJV_gWfn.css
⚙ [Electron Module] Processing manifest entry: _DefinitionLaunchPreferencesSection.B4uhkLvJ.css
⚙ [Electron Module] Processing manifest entry: _DefinitionLaunchPreferencesSection.vue.Cr3x1Trp.js
⚙ [Electron Module] Processing manifest entry: DefinitionLaunchPreferencesSection.B4uhkLvJ.css
⚙ [Electron Module] Processing manifest entry: _FileExplorerTabs.ByGIVj0F.css
⚙ [Electron Module] Processing manifest entry: _FileExplorerTabs.vue.CsPctpyD.js
⚙ [Electron Module] Processing manifest entry: FileExplorerTabs.ByGIVj0F.css
⚙ [Electron Module] Processing manifest entry: KaTeX_AMS-Regular.BQhdFMY1.woff2
⚙ [Electron Module] Processing manifest entry: KaTeX_AMS-Regular.DMm9YOAa.woff
⚙ [Electron Module] Processing manifest entry: KaTeX_AMS-Regular.DRggAlZN.ttf
⚙ [Electron Module] Processing manifest entry: KaTeX_Caligraphic-Bold.Dq_IR9rO.woff2
⚙ [Electron Module] Processing manifest entry: KaTeX_Caligraphic-Bold.BEiXGLvX.woff
⚙ [Electron Module] Processing manifest entry: KaTeX_Caligraphic-Bold.ATXxdsX0.ttf
⚙ [Electron Module] Processing manifest entry: KaTeX_Caligraphic-Regular.Di6jR-x-.woff2
⚙ [Electron Module] Processing manifest entry: KaTeX_Caligraphic-Regular.CTRA-rTL.woff
⚙ [Electron Module] Processing manifest entry: KaTeX_Caligraphic-Regular.wX97UBjC.ttf
⚙ [Electron Module] Processing manifest entry: KaTeX_Fraktur-Bold.CL6g_b3V.woff2
⚙ [Electron Module] Processing manifest entry: KaTeX_Fraktur-Bold.BsDP51OF.woff
⚙ [Electron Module] Processing manifest entry: KaTeX_Fraktur-Bold.BdnERNNW.ttf
⚙ [Electron Module] Processing manifest entry: KaTeX_Fraktur-Regular.CTYiF6lA.woff2
⚙ [Electron Module] Processing manifest entry: KaTeX_Fraktur-Regular.Dxdc4cR9.woff
⚙ [Electron Module] Processing manifest entry: KaTeX_Fraktur-Regular.CB_wures.ttf
⚙ [Electron Module] Processing manifest entry: KaTeX_Main-Bold.Cx986IdX.woff2
⚙ [Electron Module] Processing manifest entry: KaTeX_Main-Bold.Jm3AIy58.woff
⚙ [Electron Module] Processing manifest entry: KaTeX_Main-Bold.waoOVXN0.ttf
⚙ [Electron Module] Processing manifest entry: KaTeX_Main-BoldItalic.DxDJ3AOS.woff2
⚙ [Electron Module] Processing manifest entry: KaTeX_Main-BoldItalic.SpSLRI95.woff
⚙ [Electron Module] Processing manifest entry: KaTeX_Main-BoldItalic.DzxPMmG6.ttf
⚙ [Electron Module] Processing manifest entry: KaTeX_Main-Italic.NWA7e6Wa.woff2
⚙ [Electron Module] Processing manifest entry: KaTeX_Main-Italic.BMLOBm91.woff
⚙ [Electron Module] Processing manifest entry: KaTeX_Main-Italic.3WenGoN9.ttf
⚙ [Electron Module] Processing manifest entry: KaTeX_Main-Regular.B22Nviop.woff2
⚙ [Electron Module] Processing manifest entry: KaTeX_Main-Regular.Dr94JaBh.woff
⚙ [Electron Module] Processing manifest entry: KaTeX_Main-Regular.ypZvNtVU.ttf
⚙ [Electron Module] Processing manifest entry: KaTeX_Math-BoldItalic.CZnvNsCZ.woff2
⚙ [Electron Module] Processing manifest entry: KaTeX_Math-BoldItalic.iY-2wyZ7.woff
⚙ [Electron Module] Processing manifest entry: KaTeX_Math-BoldItalic.B3XSjfu4.ttf
⚙ [Electron Module] Processing manifest entry: KaTeX_Math-Italic.t53AETM-.woff2
⚙ [Electron Module] Processing manifest entry: KaTeX_Math-Italic.DA0__PXp.woff
⚙ [Electron Module] Processing manifest entry: KaTeX_Math-Italic.flOr_0UB.ttf
⚙ [Electron Module] Processing manifest entry: KaTeX_SansSerif-Bold.D1sUS0GD.woff2
⚙ [Electron Module] Processing manifest entry: KaTeX_SansSerif-Bold.DbIhKOiC.woff
⚙ [Electron Module] Processing manifest entry: KaTeX_SansSerif-Bold.CFMepnvq.ttf
⚙ [Electron Module] Processing manifest entry: KaTeX_SansSerif-Italic.C3H0VqGB.woff2
⚙ [Electron Module] Processing manifest entry: KaTeX_SansSerif-Italic.DN2j7dab.woff
⚙ [Electron Module] Processing manifest entry: KaTeX_SansSerif-Italic.YYjJ1zSn.ttf
⚙ [Electron Module] Processing manifest entry: KaTeX_SansSerif-Regular.DDBCnlJ7.woff2
⚙ [Electron Module] Processing manifest entry: KaTeX_SansSerif-Regular.CS6fqUqJ.woff
⚙ [Electron Module] Processing manifest entry: KaTeX_SansSerif-Regular.BNo7hRIc.ttf
⚙ [Electron Module] Processing manifest entry: KaTeX_Script-Regular.D3wIWfF6.woff2
⚙ [Electron Module] Processing manifest entry: KaTeX_Script-Regular.D5yQViql.woff
⚙ [Electron Module] Processing manifest entry: KaTeX_Script-Regular.C5JkGWo-.ttf
⚙ [Electron Module] Processing manifest entry: KaTeX_Size1-Regular.mCD8mA8B.woff2
⚙ [Electron Module] Processing manifest entry: KaTeX_Size1-Regular.C195tn64.woff
⚙ [Electron Module] Processing manifest entry: KaTeX_Size1-Regular.Dbsnue_I.ttf
⚙ [Electron Module] Processing manifest entry: KaTeX_Size2-Regular.Dy4dx90m.woff2
⚙ [Electron Module] Processing manifest entry: KaTeX_Size2-Regular.oD1tc_U0.woff
⚙ [Electron Module] Processing manifest entry: KaTeX_Size2-Regular.B7gKUWhC.ttf
⚙ [Electron Module] Processing manifest entry: KaTeX_Size3-Regular.CTq5MqoE.woff
⚙ [Electron Module] Processing manifest entry: KaTeX_Size3-Regular.DgpXs0kz.ttf
⚙ [Electron Module] Processing manifest entry: KaTeX_Size4-Regular.Dl5lxZxV.woff2
⚙ [Electron Module] Processing manifest entry: KaTeX_Size4-Regular.BF-4gkZK.woff
⚙ [Electron Module] Processing manifest entry: KaTeX_Size4-Regular.DWFBv043.ttf
⚙ [Electron Module] Processing manifest entry: KaTeX_Typewriter-Regular.CO6r4hn1.woff2
⚙ [Electron Module] Processing manifest entry: KaTeX_Typewriter-Regular.C0xS9mPB.woff
⚙ [Electron Module] Processing manifest entry: KaTeX_Typewriter-Regular.D3Ib7_Hf.ttf
⚙ [Electron Module] Processing manifest entry: _FullScreenImageModal.BRH6998D.js
⚙ [Electron Module] Processing manifest entry: FullScreenImageModal.aod6xn15.css
⚙ [Electron Module] Processing manifest entry: _FullScreenImageModal.aod6xn15.css
⚙ [Electron Module] Processing manifest entry: _ModelConfigSection.vue.BgUPVeDj.js
⚙ [Electron Module] Processing manifest entry: _NodeSyncReportPanel.vue.CDytiH1v.js
⚙ [Electron Module] Processing manifest entry: _RuntimeModelConfigFields.vue.PC6LKOky.js
⚙ [Electron Module] Processing manifest entry: _SearchableGroupedSelect.vue.C1bpSWGL.js
⚙ [Electron Module] Processing manifest entry: _SearchableSelect.vue.BuXnYOlW.js
⚙ [Electron Module] Processing manifest entry: _ToolsManagementWorkspace.vue.CBIeCIkS.js
⚙ [Electron Module] Processing manifest entry: __basePickBy.gBAtc9Qz.js
⚙ [Electron Module] Processing manifest entry: __baseUniq.D1sUfcCE.js
⚙ [Electron Module] Processing manifest entry: _agentDefinitionOptionsStore.C4-Dv4GE.js
⚙ [Electron Module] Processing manifest entry: _agentRunStore.Cr7Xe-8c.js
⚙ [Electron Module] Processing manifest entry: _api.nm8GgRz3.js
⚙ [Electron Module] Processing manifest entry: _appLayoutStore.CvOhBDEJ.js
⚙ [Electron Module] Processing manifest entry: _applicationAssetUrl.CeLjE3PV.js
⚙ [Electron Module] Processing manifest entry: _applicationStore.DWb3bCUU.js
⚙ [Electron Module] Processing manifest entry: _arc.FPD9G7My.js
⚙ [Electron Module] Processing manifest entry: _channel.CCt6LEoU.js
⚙ [Electron Module] Processing manifest entry: _chunk-4BX2VUAB.BF-53HBS.js
⚙ [Electron Module] Processing manifest entry: _chunk-55IACEB6.C6pkzIfe.js
⚙ [Electron Module] Processing manifest entry: _chunk-B4BG7PRW.CgEjPJie.js
⚙ [Electron Module] Processing manifest entry: _chunk-DI55MBZ5.zNO_-7Pd.js
⚙ [Electron Module] Processing manifest entry: _chunk-FMBD7UC4.CC-mXL92.js
⚙ [Electron Module] Processing manifest entry: _chunk-QN33PNHL.DD05cuVZ.js
⚙ [Electron Module] Processing manifest entry: _chunk-QZHKN3VN.DUuSslwI.js
⚙ [Electron Module] Processing manifest entry: _chunk-TZMSLE5B.Df0ood94.js
⚙ [Electron Module] Processing manifest entry: _clone.CgOrGtT3.js
⚙ [Electron Module] Processing manifest entry: _cytoscape.esm.5J0xJHOV.js
⚙ [Electron Module] Processing manifest entry: _defaultLocale.DX6XiGOO.js
⚙ [Electron Module] Processing manifest entry: _graph.5z4f5Dat.js
⚙ [Electron Module] Processing manifest entry: _iconify.B01zLY5j.js
⚙ [Electron Module] Processing manifest entry: _init.Gi6I4Gst.js
⚙ [Electron Module] Processing manifest entry: _layout.CZ09u8dY.js
⚙ [Electron Module] Processing manifest entry: _linear.CEuqPRgX.js
⚙ [Electron Module] Processing manifest entry: _ordinal.BYWQX77i.js
⚙ [Electron Module] Processing manifest entry: _skillStore.BVzG28Jz.js
⚙ [Electron Module] Processing manifest entry: _toolManagementStore.DZJ2OdKD.js
⚙ [Electron Module] Processing manifest entry: _treemap-GDKQZRPO.CMJ3cnJf.js
⚙ [Electron Module] Processing manifest entry: _useNativeFolderDialog.DvC0fQjE.js
⚙ [Electron Module] Processing manifest entry: _useRuntimeScopedModelSelection.D_lZlT2s.js
⚙ [Electron Module] Processing manifest entry: _voiceInputStore.DrpNkiFx.js
⚙ [Electron Module] Processing manifest entry: _workspace.C5I2_UCK.js
⚙ [Electron Module] Processing manifest entry: layouts/default.vue
⚙ [Electron Module] Processing manifest entry: default.DgwjW6tw.css
⚙ [Electron Module] Processing manifest entry: layouts/settings.vue
⚙ [Electron Module] Processing manifest entry: pages/agent-teams.vue
⚙ [Electron Module] Processing manifest entry: pages/agents.vue
⚙ [Electron Module] Processing manifest entry: pages/applications/[id].vue
⚙ [Electron Module] Processing manifest entry: pages/applications/index.vue
⚙ [Electron Module] Processing manifest entry: pages/index.vue
⚙ [Electron Module] Processing manifest entry: pages/media.vue
⚙ [Electron Module] Processing manifest entry: media.yjOJmL4q.css
⚙ [Electron Module] Processing manifest entry: pages/memory.vue
⚙ [Electron Module] Processing manifest entry: pages/settings.vue
⚙ [Electron Module] Processing manifest entry: settings.CxTZU0Nv.css
⚙ [Electron Module] Processing manifest entry: pages/skills.vue
⚙ [Electron Module] Processing manifest entry: skills.DgQDsQ24.css
⚙ [Electron Module] Processing manifest entry: pages/tools.vue
⚙ [Electron Module] Processing manifest entry: pages/workspace.vue
⚙ [Electron Module] Processing manifest entry: workspace.C89Blhrv.css
[nuxt] build:manifest: 15.61ms
[nuxt] vite:compiled: 0.015ms
✔ Server built in 47ms
[Electron Module] Build process completed
[Electron Module] Running production build steps
[Electron Module] Building entry: electron/main.ts
⚙ [Electron Module] Build config: { entry: 'electron/main.ts', mode: 'production', outDir: 'dist/electron' }
vite v7.3.1 building client environment for production...
transforming...
✓ 402 modules transformed.
rendering chunks...
computing gzip size...
dist/electron/main.js  651.30 kB │ gzip: 186.26 kB
✓ built in 1.17s
[Electron Module] Building entry: electron/preload.ts
⚙ [Electron Module] Build config: { entry: 'electron/preload.ts', mode: 'production', outDir: 'dist/electron' }
vite v7.3.1 building client environment for production...
transforming...
✓ 1 modules transformed.
rendering chunks...
computing gzip size...
dist/electron/preload.js  3.87 kB │ gzip: 1.04 kB
✓ built in 31ms
[Electron Module] Production build completed successfully
[nuxt] schema:beforeWrite: 0.012ms
[nuxt] schema:written: 0.008ms
[nuxt] nitro:build:before: 0.145ms
[nuxt] prerender:routes: 0.005ms
[nitro] prerender:routes: 0.13ms
[nitro] ℹ Initializing prerenderer
[nitro] prerender:config: 0.007ms
[nitro] prerender:init: 0.018ms
[nitro] build:before: 0.005ms
[nitro] rollup:before: 0.019ms
[nitro] types:extend: 0.013ms
[nitro] compiled: 0.013ms
⚙ > Load chunks/nitro/nitro (3ms)
[nitro] ℹ Prerendering 3 initial routes with crawler
[nitro-runtime] request: 0.191ms
[nitro-runtime] request : 0.123ms
[nitro-runtime] request  : 0.113ms
[nitro-runtime] render:before: 0.022ms
[nitro-runtime] render:before : 0.133ms
[nitro-runtime] render:before  : 0.183ms
⚙ > Load chunks/build/client.precomputed (3ms)
[nitro-runtime] render:html: 0.03ms
[nitro-runtime] render:html : 0.138ms
[nitro-runtime] render:html  : 0.164ms
[nitro-runtime] render:response: 0.01ms
[nitro-runtime] render:response : 0.04ms
[nitro-runtime] render:response  : 0.1ms
[nitro-runtime] beforeResponse: 0.015ms
[nitro-runtime] beforeResponse : 0.047ms
[nitro-runtime] beforeResponse  : 0.075ms
[nitro-runtime] afterResponse: 0.004ms
[nitro] prerender:generate: 0.017ms
[nitro-runtime] afterResponse: 0.006ms
[nitro] prerender:generate: 0.006ms
[nitro-runtime] afterResponse: 0.004ms
[nitro] prerender:generate: 0.005ms
[nitro] prerender:route: 0.01ms
[nitro]   ├─ /404.html (32ms)
[nitro] prerender:route: 0.006ms
[nitro]   ├─ /200.html (32ms)
[nitro] prerender:route: 0.004ms
[nitro]   ├─ /index.html (32ms)
[nitro-runtime] close: 0.004ms
[nitro] prerender:done: 0.003ms
[nitro] ℹ Prerendered 3 routes in 0.652 seconds
[nitro] build:before: 0.056ms
[nitro] ✔ Generated public dist/renderer
[nuxt] nitro:build:public-assets: 0.012ms
[nitro] rollup:before: 68.257ms
[nitro] types:extend: 0.011ms
[nitro] compiled: 0.007ms
[nitro] ✔ You can preview this build using npx serve dist/renderer
[nuxt] build:done: 1.996s
[nitro] close: 0.093ms
[nuxt] close: 0.193ms
│
▲  HTML content not prerendered because ssr: false was set.
│
●  You can read more in https://nuxt.com/docs/getting-started/deployment#static-hosting.
│
└  ✨ You can now deploy dist/renderer to any static hosting!

> autobyteus@1.2.95 transpile-electron /Users/normy/autobyteus_org/autobyteus-worktrees/remove-media-output-path-restriction/autobyteus-web
> tsc -p electron/tsconfig.json

Building with environment: production
Using environment file: .env.production
Resolved build flavor: personal
Artifact base name: AutoByteus_personal
Requested architecture: AUTO
Updater publish config: [{"provider":"github","owner":"AutoByteus","repo":"autobyteus-workspace"}]
Generating application icons...
Generating 16x16 PNG icon...
Generating 32x32 PNG icon...
Generating 48x48 PNG icon...
Generating 64x64 PNG icon...
Generating 128x128 PNG icon...
Generating 256x256 PNG icon...
Generating 512x512 PNG icon...
Generating 1024x1024 PNG icon...
Generating Windows ICO icon...
Generating macOS ICNS icon...
Icon generation completed successfully
Starting electron-builder...
  • electron-builder  version=25.1.8 os=25.2.0
  • @electron/rebuild already used by electron-builder, please consider to remove excess dependency from devDependencies

To ensure your native dependencies are always matched electron version, simply add script `"postinstall": "electron-builder install-app-deps" to your `package.json`
  • unresolved deps  unresolved=@mdit/helper@mdit/plugin-texkatex
                     nodeModuleDir=/Users/normy/autobyteus_org/autobyteus-worktrees/remove-media-output-path-restriction/node_modules/.pnpm/@mdit+plugin-katex@0.23.2_markdown-it@14.1.1/node_modules
                     round=0
  • unresolved deps  unresolved=builder-util-runtimefs-extrajs-yamllazy-vallodash.escaperegexplodash.isequalsemvertiny-typed-emitter
                     nodeModuleDir=/Users/normy/autobyteus_org/autobyteus-worktrees/remove-media-output-path-restriction/node_modules/.pnpm/electron-updater@6.8.3/node_modules
                     round=0
  • unresolved deps  unresolved=katex nodeModuleDir=/Users/normy/autobyteus_org/autobyteus-worktrees/remove-media-output-path-restriction/node_modules/.pnpm/markdown-it-katex@2.0.3/node_modules round=0
  • unresolved deps  unresolved=@braintree/sanitize-url@iconify/utils@mermaid-js/parsercytoscapecytoscape-cose-bilkentcytoscape-fcosed3d3-sankeydagre-d3-esdayjsdompurifykatexkhromalodash-esmarkedroughjsstylists-dedentuuid
                     nodeModuleDir=/Users/normy/autobyteus_org/autobyteus-worktrees/remove-media-output-path-restriction/node_modules/.pnpm/mermaid@11.12.3/node_modules
                     round=0
  • unresolved deps  unresolved=acornpathepkg-typesufo
                     nodeModuleDir=/Users/normy/autobyteus_org/autobyteus-worktrees/remove-media-output-path-restriction/node_modules/.pnpm/mlly@1.8.0/node_modules
                     round=0
  • unresolved deps  unresolved=chevrotainchevrotain-allstarvscode-languageservervscode-languageserver-textdocumentvscode-uri
                     nodeModuleDir=/Users/normy/autobyteus_org/autobyteus-worktrees/remove-media-output-path-restriction/node_modules/.pnpm/langium@4.2.1/node_modules
                     round=0
  • unresolved deps  unresolved=d3-arrayd3-axisd3-brushd3-chordd3-colord3-contourd3-delaunayd3-dispatchd3-dragd3-dsvd3-eased3-fetchd3-forced3-formatd3-geod3-hierarchyd3-interpolated3-pathd3-polygond3-quadtreed3-randomd3-scaled3-scale-chromaticd3-selectiond3-shaped3-timed3-time-formatd3-timerd3-transitiond3-zoom
                     nodeModuleDir=/Users/normy/autobyteus_org/autobyteus-worktrees/remove-media-output-path-restriction/node_modules/.pnpm/d3@7.9.0/node_modules
                     round=0
  • unresolved deps  unresolved=d3-dsv nodeModuleDir=/Users/normy/autobyteus_org/autobyteus-worktrees/remove-media-output-path-restriction/node_modules/.pnpm/d3-fetch@3.0.1/node_modules round=0
  • unresolved deps  unresolved=@vue/devtools-apivue-demi
                     nodeModuleDir=/Users/normy/autobyteus_org/autobyteus-worktrees/remove-media-output-path-restriction/node_modules/.pnpm/pinia@2.3.1_typescript@5.9.3_vue@3.5.28_typescript@5.9.3_/node_modules
                     round=0
  • unresolved deps  unresolved=@napi-rs/canvas-android-arm64@napi-rs/canvas-darwin-x64@napi-rs/canvas-linux-arm-gnueabihf@napi-rs/canvas-linux-arm64-gnu@napi-rs/canvas-linux-arm64-musl@napi-rs/canvas-linux-riscv64-gnu@napi-rs/canvas-linux-x64-gnu@napi-rs/canvas-linux-x64-musl@napi-rs/canvas-win32-arm64-msvc@napi-rs/canvas-win32-x64-msvc
                     nodeModuleDir=/Users/normy/autobyteus_org/autobyteus-worktrees/remove-media-output-path-restriction/node_modules/.pnpm/node_modules
                     round=0
  • unresolved deps  unresolved=@napi-rs/canvas-android-arm64@napi-rs/canvas-darwin-x64@napi-rs/canvas-linux-arm-gnueabihf@napi-rs/canvas-linux-arm64-gnu@napi-rs/canvas-linux-arm64-musl@napi-rs/canvas-linux-riscv64-gnu@napi-rs/canvas-linux-x64-gnu@napi-rs/canvas-linux-x64-musl@napi-rs/canvas-win32-arm64-msvc@napi-rs/canvas-win32-x64-msvc
                     nodeModuleDir=/Users/normy/autobyteus_org/autobyteus-worktrees/remove-media-output-path-restriction/node_modules
                     round=1
  • unresolved deps  unresolved=@napi-rs/canvas-android-arm64@napi-rs/canvas-darwin-x64@napi-rs/canvas-linux-arm-gnueabihf@napi-rs/canvas-linux-arm64-gnu@napi-rs/canvas-linux-arm64-musl@napi-rs/canvas-linux-riscv64-gnu@napi-rs/canvas-linux-x64-gnu@napi-rs/canvas-linux-x64-musl@napi-rs/canvas-win32-arm64-msvc@napi-rs/canvas-win32-x64-msvc
                     nodeModuleDir=/Users/normy/autobyteus_org/node_modules
                     round=2
  • unresolved deps  unresolved=adler-32cfbcodepagecrc-32ssfwmfword
                     nodeModuleDir=/Users/normy/autobyteus_org/autobyteus-worktrees/remove-media-output-path-restriction/node_modules/.pnpm/xlsx@0.18.5/node_modules
                     round=0
  • unresolved deps  unresolved=adler-32crc-32 nodeModuleDir=/Users/normy/autobyteus_org/autobyteus-worktrees/remove-media-output-path-restriction/node_modules/.pnpm/cfb@1.2.2/node_modules round=0
  • executing @electron/rebuild  electronVersion=38.8.2 arch=arm64 buildFromSource=false appDir=./
  • installing native dependencies  arch=arm64
  • completed installing native dependencies
  • packaging       platform=darwin arch=arm64 electron=38.8.2 appOutDir=electron-dist/mac-arm64
  • map async       taskCount=2
  • map async       taskCount=1
  • map async       taskCount=585
  • unresolved deps  unresolved=@mdit/helper@mdit/plugin-texkatex
                     nodeModuleDir=/Users/normy/autobyteus_org/autobyteus-worktrees/remove-media-output-path-restriction/node_modules/.pnpm/@mdit+plugin-katex@0.23.2_markdown-it@14.1.1/node_modules
                     round=0
  • unresolved deps  unresolved=builder-util-runtimefs-extrajs-yamllazy-vallodash.escaperegexplodash.isequalsemvertiny-typed-emitter
                     nodeModuleDir=/Users/normy/autobyteus_org/autobyteus-worktrees/remove-media-output-path-restriction/node_modules/.pnpm/electron-updater@6.8.3/node_modules
                     round=0
  • unresolved deps  unresolved=katex nodeModuleDir=/Users/normy/autobyteus_org/autobyteus-worktrees/remove-media-output-path-restriction/node_modules/.pnpm/markdown-it-katex@2.0.3/node_modules round=0
  • unresolved deps  unresolved=@braintree/sanitize-url@iconify/utils@mermaid-js/parsercytoscapecytoscape-cose-bilkentcytoscape-fcosed3d3-sankeydagre-d3-esdayjsdompurifykatexkhromalodash-esmarkedroughjsstylists-dedentuuid
                     nodeModuleDir=/Users/normy/autobyteus_org/autobyteus-worktrees/remove-media-output-path-restriction/node_modules/.pnpm/mermaid@11.12.3/node_modules
                     round=0
  • unresolved deps  unresolved=acornpathepkg-typesufo
                     nodeModuleDir=/Users/normy/autobyteus_org/autobyteus-worktrees/remove-media-output-path-restriction/node_modules/.pnpm/mlly@1.8.0/node_modules
                     round=0
  • unresolved deps  unresolved=chevrotainchevrotain-allstarvscode-languageservervscode-languageserver-textdocumentvscode-uri
                     nodeModuleDir=/Users/normy/autobyteus_org/autobyteus-worktrees/remove-media-output-path-restriction/node_modules/.pnpm/langium@4.2.1/node_modules
                     round=0
  • unresolved deps  unresolved=d3-arrayd3-axisd3-brushd3-chordd3-colord3-contourd3-delaunayd3-dispatchd3-dragd3-dsvd3-eased3-fetchd3-forced3-formatd3-geod3-hierarchyd3-interpolated3-pathd3-polygond3-quadtreed3-randomd3-scaled3-scale-chromaticd3-selectiond3-shaped3-timed3-time-formatd3-timerd3-transitiond3-zoom
                     nodeModuleDir=/Users/normy/autobyteus_org/autobyteus-worktrees/remove-media-output-path-restriction/node_modules/.pnpm/d3@7.9.0/node_modules
                     round=0
  • unresolved deps  unresolved=d3-dsv nodeModuleDir=/Users/normy/autobyteus_org/autobyteus-worktrees/remove-media-output-path-restriction/node_modules/.pnpm/d3-fetch@3.0.1/node_modules round=0
  • unresolved deps  unresolved=@vue/devtools-apivue-demi
                     nodeModuleDir=/Users/normy/autobyteus_org/autobyteus-worktrees/remove-media-output-path-restriction/node_modules/.pnpm/pinia@2.3.1_typescript@5.9.3_vue@3.5.28_typescript@5.9.3_/node_modules
                     round=0
  • unresolved deps  unresolved=@napi-rs/canvas-android-arm64@napi-rs/canvas-darwin-x64@napi-rs/canvas-linux-arm-gnueabihf@napi-rs/canvas-linux-arm64-gnu@napi-rs/canvas-linux-arm64-musl@napi-rs/canvas-linux-riscv64-gnu@napi-rs/canvas-linux-x64-gnu@napi-rs/canvas-linux-x64-musl@napi-rs/canvas-win32-arm64-msvc@napi-rs/canvas-win32-x64-msvc
                     nodeModuleDir=/Users/normy/autobyteus_org/autobyteus-worktrees/remove-media-output-path-restriction/node_modules/.pnpm/node_modules
                     round=0
  • unresolved deps  unresolved=@napi-rs/canvas-android-arm64@napi-rs/canvas-darwin-x64@napi-rs/canvas-linux-arm-gnueabihf@napi-rs/canvas-linux-arm64-gnu@napi-rs/canvas-linux-arm64-musl@napi-rs/canvas-linux-riscv64-gnu@napi-rs/canvas-linux-x64-gnu@napi-rs/canvas-linux-x64-musl@napi-rs/canvas-win32-arm64-msvc@napi-rs/canvas-win32-x64-msvc
                     nodeModuleDir=/Users/normy/autobyteus_org/autobyteus-worktrees/remove-media-output-path-restriction/node_modules
                     round=1
  • unresolved deps  unresolved=@napi-rs/canvas-android-arm64@napi-rs/canvas-darwin-x64@napi-rs/canvas-linux-arm-gnueabihf@napi-rs/canvas-linux-arm64-gnu@napi-rs/canvas-linux-arm64-musl@napi-rs/canvas-linux-riscv64-gnu@napi-rs/canvas-linux-x64-gnu@napi-rs/canvas-linux-x64-musl@napi-rs/canvas-win32-arm64-msvc@napi-rs/canvas-win32-x64-msvc
                     nodeModuleDir=/Users/normy/autobyteus_org/node_modules
                     round=2
  • unresolved deps  unresolved=adler-32cfbcodepagecrc-32ssfwmfword
                     nodeModuleDir=/Users/normy/autobyteus_org/autobyteus-worktrees/remove-media-output-path-restriction/node_modules/.pnpm/xlsx@0.18.5/node_modules
                     round=0
  • unresolved deps  unresolved=adler-32crc-32 nodeModuleDir=/Users/normy/autobyteus_org/autobyteus-worktrees/remove-media-output-path-restriction/node_modules/.pnpm/cfb@1.2.2/node_modules round=0
  • map async       taskCount=8
  • path doesn't exist  path=/Users/normy/autobyteus_org/autobyteus-worktrees/remove-media-output-path-restriction/autobyteus-web/build/build/icons/icon.icns
  • path resolved   path=/Users/normy/autobyteus_org/autobyteus-worktrees/remove-media-output-path-restriction/autobyteus-web/build/icons/icon.icns outputFormat=icns
  • map async       taskCount=5
[WARN] APPLE_SIGNING_IDENTITY not set, skipping extra resource signing
  • skipped macOS code signing  reason=identity explicitly is set to null
  • building        target=DMG arch=arm64 file=electron-dist/AutoByteus_personal_macos-arm64-1.2.95.dmg
  • building        target=macOS zip arch=arm64 file=electron-dist/AutoByteus_personal_macos-arm64-1.2.95.zip
  • Detected arm64 process, HFS+ is unavailable. Creating dmg with APFS - supports Mac OSX 10.12+
  • copy files      from=/Users/normy/autobyteus_org/autobyteus-worktrees/remove-media-output-path-restriction/autobyteus-web/build/icons/icon.icns
                    to=/Volumes/AutoByteus 1.2.95-arm64/.VolumeIcon.icns
                    isUseHardLinks=false
  • copy files      from=/Users/normy/autobyteus_org/autobyteus-worktrees/remove-media-output-path-restriction/node_modules/.pnpm/dmg-builder@25.1.8_electron-builder-squirrel-windows@25.1.8/node_modules/dmg-builder/templates/background.tiff
                    to=/Volumes/AutoByteus 1.2.95-arm64/.background/background.tiff
                    isUseHardLinks=false
  • execute command  command=sips -g pixelHeight -g pixelWidth /Users/normy/autobyteus_org/autobyteus-worktrees/remove-media-output-path-restriction/node_modules/.pnpm/dmg-builder@25.1.8_electron-builder-squirrel-windows@25.1.8/node_modules/dmg-builder/templates/background.tiff
                     workingDirectory=
  • command executed  executable=sips
                      out=/Users/normy/autobyteus_org/autobyteus-worktrees/remove-media-output-path-restriction/node_modules/.pnpm/dmg-builder@25.1.8_electron-builder-squirrel-windows@25.1.8/node_modules/dmg-builder/templates/background.tiff
      pixelHeight: 380
      pixelWidth: 540

  • building block map  blockMapFile=electron-dist/AutoByteus_personal_macos-arm64-1.2.95.dmg.blockmap
  • building block map  blockMapFile=electron-dist/AutoByteus_personal_macos-arm64-1.2.95.zip.blockmap
Build completed: [
  '/Users/normy/autobyteus_org/autobyteus-worktrees/remove-media-output-path-restriction/autobyteus-web/electron-dist/AutoByteus_personal_macos-arm64-1.2.95.dmg.blockmap',
  '/Users/normy/autobyteus_org/autobyteus-worktrees/remove-media-output-path-restriction/autobyteus-web/electron-dist/AutoByteus_personal_macos-arm64-1.2.95.dmg',
  '/Users/normy/autobyteus_org/autobyteus-worktrees/remove-media-output-path-restriction/autobyteus-web/electron-dist/AutoByteus_personal_macos-arm64-1.2.95.zip.blockmap',
  '/Users/normy/autobyteus_org/autobyteus-worktrees/remove-media-output-path-restriction/autobyteus-web/electron-dist/AutoByteus_personal_macos-arm64-1.2.95.zip'
]
